/home/sanjay/ros2_workspaces/rcup_migration/src/rcup_garden/install/rcup_garden/lib/python3.10/site-packages/rcup_garden/cmd_vel_relay.py
/home/sanjay/ros2_workspaces/rcup_migration/src/rcup_garden/install/rcup_garden/lib/python3.10/site-packages/rcup_garden/__init__.py
/home/sanjay/ros2_workspaces/rcup_migration/src/rcup_garden/install/rcup_garden/lib/python3.10/site-packages/rcup_garden/__pycache__/cmd_vel_relay.cpython-310.pyc
/home/sanjay/ros2_workspaces/rcup_migration/src/rcup_garden/install/rcup_garden/lib/python3.10/site-packages/rcup_garden/__pycache__/__init__.cpython-310.pyc
/home/sanjay/ros2_workspaces/rcup_migration/src/rcup_garden/install/rcup_garden/share/ament_index/resource_index/packages/rcup_garden
/home/sanjay/ros2_workspaces/rcup_migration/src/rcup_garden/install/rcup_garden/share/rcup_garden/package.xml
/home/sanjay/ros2_workspaces/rcup_migration/src/rcup_garden/install/rcup_garden/share/rcup_garden/launch/rsp.launch.py
/home/sanjay/ros2_workspaces/rcup_migration/src/rcup_garden/install/rcup_garden/share/rcup_garden/launch/gazebo_diff.launch.py
/home/sanjay/ros2_workspaces/rcup_migration/src/rcup_garden/install/rcup_garden/share/rcup_garden/launch/gazebo_mecanum.launch.py
/home/sanjay/ros2_workspaces/rcup_migration/src/rcup_garden/install/rcup_garden/share/rcup_garden/urdf/ArmPlate.urdf.xacro
/home/sanjay/ros2_workspaces/rcup_migration/src/rcup_garden/install/rcup_garden/share/rcup_garden/meshes/LIDAR_1-v1.stl
/home/sanjay/ros2_workspaces/rcup_migration/src/rcup_garden/install/rcup_garden/share/rcup_garden/meshes/AX_12A_03_1.stl
/home/sanjay/ros2_workspaces/rcup_migration/src/rcup_garden/install/rcup_garden/share/rcup_garden/meshes/LIDAR_2-v1.stl
/home/sanjay/ros2_workspaces/rcup_migration/src/rcup_garden/install/rcup_garden/share/rcup_garden/meshes/Component6.stl
/home/sanjay/ros2_workspaces/rcup_migration/src/rcup_garden/install/rcup_garden/share/rcup_garden/meshes/ZED2i-v1.stl
/home/sanjay/ros2_workspaces/rcup_migration/src/rcup_garden/install/rcup_garden/share/rcup_garden/meshes/AX_12A_02_4.stl
/home/sanjay/ros2_workspaces/rcup_migration/src/rcup_garden/install/rcup_garden/share/rcup_garden/meshes/Component12.stl
/home/sanjay/ros2_workspaces/rcup_migration/src/rcup_garden/install/rcup_garden/share/rcup_garden/meshes/link24.stl
/home/sanjay/ros2_workspaces/rcup_migration/src/rcup_garden/install/rcup_garden/share/rcup_garden/meshes/Component1_1.stl
/home/sanjay/ros2_workspaces/rcup_migration/src/rcup_garden/install/rcup_garden/share/rcup_garden/meshes/STEPPER_MOTOR.stl
/home/sanjay/ros2_workspaces/rcup_migration/src/rcup_garden/install/rcup_garden/share/rcup_garden/meshes/Wheel_motor_2.stl
/home/sanjay/ros2_workspaces/rcup_migration/src/rcup_garden/install/rcup_garden/share/rcup_garden/meshes/Nema34_bracket.stl
/home/sanjay/ros2_workspaces/rcup_migration/src/rcup_garden/install/rcup_garden/share/rcup_garden/meshes/Wheel_motor_3.stl
/home/sanjay/ros2_workspaces/rcup_migration/src/rcup_garden/install/rcup_garden/share/rcup_garden/meshes/AX_12A_01_4.stl
/home/sanjay/ros2_workspaces/rcup_migration/src/rcup_garden/install/rcup_garden/share/rcup_garden/meshes/Component56.stl
/home/sanjay/ros2_workspaces/rcup_migration/src/rcup_garden/install/rcup_garden/share/rcup_garden/meshes/lidarmount-v1.stl
/home/sanjay/ros2_workspaces/rcup_migration/src/rcup_garden/install/rcup_garden/share/rcup_garden/meshes/AX_12A_01_1.stl
/home/sanjay/ros2_workspaces/rcup_migration/src/rcup_garden/install/rcup_garden/share/rcup_garden/meshes/AX_12A_04_1.stl
/home/sanjay/ros2_workspaces/rcup_migration/src/rcup_garden/install/rcup_garden/share/rcup_garden/meshes/AX_12A_02_2.stl
/home/sanjay/ros2_workspaces/rcup_migration/src/rcup_garden/install/rcup_garden/share/rcup_garden/meshes/Wheel_motor_1.stl
/home/sanjay/ros2_workspaces/rcup_migration/src/rcup_garden/install/rcup_garden/share/rcup_garden/meshes/Component2.stl
/home/sanjay/ros2_workspaces/rcup_migration/src/rcup_garden/install/rcup_garden/share/rcup_garden/meshes/Component53.stl
/home/sanjay/ros2_workspaces/rcup_migration/src/rcup_garden/install/rcup_garden/share/rcup_garden/meshes/AX_12A_01_2.stl
/home/sanjay/ros2_workspaces/rcup_migration/src/rcup_garden/install/rcup_garden/share/rcup_garden/meshes/Component5.stl
/home/sanjay/ros2_workspaces/rcup_migration/src/rcup_garden/install/rcup_garden/share/rcup_garden/meshes/AX_12A_04_2.stl
/home/sanjay/ros2_workspaces/rcup_migration/src/rcup_garden/install/rcup_garden/share/rcup_garden/meshes/Component20.stl
/home/sanjay/ros2_workspaces/rcup_migration/src/rcup_garden/install/rcup_garden/share/rcup_garden/meshes/AX_12A_01_3.stl
/home/sanjay/ros2_workspaces/rcup_migration/src/rcup_garden/install/rcup_garden/share/rcup_garden/meshes/soft_finger_2.stl
/home/sanjay/ros2_workspaces/rcup_migration/src/rcup_garden/install/rcup_garden/share/rcup_garden/meshes/link23.stl
/home/sanjay/ros2_workspaces/rcup_migration/src/rcup_garden/install/rcup_garden/share/rcup_garden/meshes/AX_12A_04_4.stl
/home/sanjay/ros2_workspaces/rcup_migration/src/rcup_garden/install/rcup_garden/share/rcup_garden/meshes/Soft_finger_1.stl
/home/sanjay/ros2_workspaces/rcup_migration/src/rcup_garden/install/rcup_garden/share/rcup_garden/meshes/Spur_Gear_motor.stl
/home/sanjay/ros2_workspaces/rcup_migration/src/rcup_garden/install/rcup_garden/share/rcup_garden/meshes/AX_12A_03_4.stl
/home/sanjay/ros2_workspaces/rcup_migration/src/rcup_garden/install/rcup_garden/share/rcup_garden/meshes/Base_link.stl
/home/sanjay/ros2_workspaces/rcup_migration/src/rcup_garden/install/rcup_garden/share/rcup_garden/meshes/AX_12A_03_2.stl
/home/sanjay/ros2_workspaces/rcup_migration/src/rcup_garden/install/rcup_garden/share/rcup_garden/meshes/Component7.stl
/home/sanjay/ros2_workspaces/rcup_migration/src/rcup_garden/install/rcup_garden/share/rcup_garden/meshes/AX_12A_02_3.stl
/home/sanjay/ros2_workspaces/rcup_migration/src/rcup_garden/install/rcup_garden/share/rcup_garden/meshes/AX_12A_03_3.stl
/home/sanjay/ros2_workspaces/rcup_migration/src/rcup_garden/install/rcup_garden/share/rcup_garden/meshes/Nema_34_v3.stl
/home/sanjay/ros2_workspaces/rcup_migration/src/rcup_garden/install/rcup_garden/share/rcup_garden/meshes/AX_12A_02_1.stl
/home/sanjay/ros2_workspaces/rcup_migration/src/rcup_garden/install/rcup_garden/share/rcup_garden/meshes/base_final-v3.stl
/home/sanjay/ros2_workspaces/rcup_migration/src/rcup_garden/install/rcup_garden/share/rcup_garden/meshes/Universal_hub.stl
/home/sanjay/ros2_workspaces/rcup_migration/src/rcup_garden/install/rcup_garden/share/rcup_garden/meshes/firstDOF_final.stl
/home/sanjay/ros2_workspaces/rcup_migration/src/rcup_garden/install/rcup_garden/share/rcup_garden/meshes/Coupler_meccanum_V2.stl
/home/sanjay/ros2_workspaces/rcup_migration/src/rcup_garden/install/rcup_garden/share/rcup_garden/meshes/gcomp1.stl
/home/sanjay/ros2_workspaces/rcup_migration/src/rcup_garden/install/rcup_garden/share/rcup_garden/meshes/Wheel_motor_4.stl
/home/sanjay/ros2_workspaces/rcup_migration/src/rcup_garden/install/rcup_garden/share/rcup_garden/meshes/Spur_Gear_driven.stl
/home/sanjay/ros2_workspaces/rcup_migration/src/rcup_garden/install/rcup_garden/share/rcup_garden/meshes/Component55.stl
/home/sanjay/ros2_workspaces/rcup_migration/src/rcup_garden/install/rcup_garden/share/rcup_garden/meshes/AX_12A_04_3.stl
/home/sanjay/ros2_workspaces/rcup_migration/src/rcup_garden/install/rcup_garden/share/rcup_garden/meshes/Component54.stl
/home/sanjay/ros2_workspaces/rcup_migration/src/rcup_garden/install/rcup_garden/share/rcup_garden/config/mec_drive_controllers.yaml
/home/sanjay/ros2_workspaces/rcup_migration/src/rcup_garden/install/rcup_garden/share/rcup_garden/config/gz_bridge.yaml
/home/sanjay/ros2_workspaces/rcup_migration/src/rcup_garden/install/rcup_garden/share/rcup_garden/config/diff_drive_controllers.yaml
/home/sanjay/ros2_workspaces/rcup_migration/src/rcup_garden/install/rcup_garden/share/rcup_garden/config/im_so_doneee.rviz
/home/sanjay/ros2_workspaces/rcup_migration/src/rcup_garden/install/rcup_garden/share/rcup_garden/config/localisation_rviz_config.rviz
/home/sanjay/ros2_workspaces/rcup_migration/src/rcup_garden/install/rcup_garden/share/rcup_garden/worlds/empty_world.world
/home/sanjay/ros2_workspaces/rcup_migration/src/rcup_garden/install/rcup_garden/share/rcup_garden/textures
/home/sanjay/ros2_workspaces/rcup_migration/src/rcup_garden/install/rcup_garden/lib/python3.10/site-packages/rcup_garden-0.0.0-py3.10.egg-info/PKG-INFO
/home/sanjay/ros2_workspaces/rcup_migration/src/rcup_garden/install/rcup_garden/lib/python3.10/site-packages/rcup_garden-0.0.0-py3.10.egg-info/zip-safe
/home/sanjay/ros2_workspaces/rcup_migration/src/rcup_garden/install/rcup_garden/lib/python3.10/site-packages/rcup_garden-0.0.0-py3.10.egg-info/dependency_links.txt
/home/sanjay/ros2_workspaces/rcup_migration/src/rcup_garden/install/rcup_garden/lib/python3.10/site-packages/rcup_garden-0.0.0-py3.10.egg-info/requires.txt
/home/sanjay/ros2_workspaces/rcup_migration/src/rcup_garden/install/rcup_garden/lib/python3.10/site-packages/rcup_garden-0.0.0-py3.10.egg-info/entry_points.txt
/home/sanjay/ros2_workspaces/rcup_migration/src/rcup_garden/install/rcup_garden/lib/python3.10/site-packages/rcup_garden-0.0.0-py3.10.egg-info/top_level.txt
/home/sanjay/ros2_workspaces/rcup_migration/src/rcup_garden/install/rcup_garden/lib/python3.10/site-packages/rcup_garden-0.0.0-py3.10.egg-info/SOURCES.txt
