running egg_info
creating build/rcup_garden/rcup_garden.egg-info
writing build/rcup_garden/rcup_garden.egg-info/PKG-INFO
writing dependency_links to build/rcup_garden/rcup_garden.egg-info/dependency_links.txt
writing entry points to build/rcup_garden/rcup_garden.egg-info/entry_points.txt
writing requirements to build/rcup_garden/rcup_garden.egg-info/requires.txt
writing top-level names to build/rcup_garden/rcup_garden.egg-info/top_level.txt
writing manifest file 'build/rcup_garden/rcup_garden.egg-info/SOURCES.txt'
reading manifest file 'build/rcup_garden/rcup_garden.egg-info/SOURCES.txt'
writing manifest file 'build/rcup_garden/rcup_garden.egg-info/SOURCES.txt'
running build
running build_py
creating /home/sanjay/ros2_workspaces/rcup_migration/src/rcup_garden/build/rcup_garden/build
creating /home/sanjay/ros2_workspaces/rcup_migration/src/rcup_garden/build/rcup_garden/build/lib
creating /home/sanjay/ros2_workspaces/rcup_migration/src/rcup_garden/build/rcup_garden/build/lib/rcup_garden
copying rcup_garden/cmd_vel_relay.py -> /home/sanjay/ros2_workspaces/rcup_migration/src/rcup_garden/build/rcup_garden/build/lib/rcup_garden
copying rcup_garden/__init__.py -> /home/sanjay/ros2_workspaces/rcup_migration/src/rcup_garden/build/rcup_garden/build/lib/rcup_garden
running install
running install_lib
creating /home/sanjay/ros2_workspaces/rcup_migration/src/rcup_garden/install/rcup_garden/lib/python3.10/site-packages/rcup_garden
copying /home/sanjay/ros2_workspaces/rcup_migration/src/rcup_garden/build/rcup_garden/build/lib/rcup_garden/cmd_vel_relay.py -> /home/sanjay/ros2_workspaces/rcup_migration/src/rcup_garden/install/rcup_garden/lib/python3.10/site-packages/rcup_garden
copying /home/sanjay/ros2_workspaces/rcup_migration/src/rcup_garden/build/rcup_garden/build/lib/rcup_garden/__init__.py -> /home/sanjay/ros2_workspaces/rcup_migration/src/rcup_garden/install/rcup_garden/lib/python3.10/site-packages/rcup_garden
byte-compiling /home/sanjay/ros2_workspaces/rcup_migration/src/rcup_garden/install/rcup_garden/lib/python3.10/site-packages/rcup_garden/cmd_vel_relay.py to cmd_vel_relay.cpython-310.pyc
byte-compiling /home/sanjay/ros2_workspaces/rcup_migration/src/rcup_garden/install/rcup_garden/lib/python3.10/site-packages/rcup_garden/__init__.py to __init__.cpython-310.pyc
running install_data
creating /home/sanjay/ros2_workspaces/rcup_migration/src/rcup_garden/install/rcup_garden/share/ament_index
creating /home/sanjay/ros2_workspaces/rcup_migration/src/rcup_garden/install/rcup_garden/share/ament_index/resource_index
creating /home/sanjay/ros2_workspaces/rcup_migration/src/rcup_garden/install/rcup_garden/share/ament_index/resource_index/packages
copying resource/rcup_garden -> /home/sanjay/ros2_workspaces/rcup_migration/src/rcup_garden/install/rcup_garden/share/ament_index/resource_index/packages
copying package.xml -> /home/sanjay/ros2_workspaces/rcup_migration/src/rcup_garden/install/rcup_garden/share/rcup_garden
creating /home/sanjay/ros2_workspaces/rcup_migration/src/rcup_garden/install/rcup_garden/share/rcup_garden/launch
copying launch/rsp.launch.py -> /home/sanjay/ros2_workspaces/rcup_migration/src/rcup_garden/install/rcup_garden/share/rcup_garden/launch
copying launch/gazebo_diff.launch.py -> /home/sanjay/ros2_workspaces/rcup_migration/src/rcup_garden/install/rcup_garden/share/rcup_garden/launch
copying launch/gazebo_mecanum.launch.py -> /home/sanjay/ros2_workspaces/rcup_migration/src/rcup_garden/install/rcup_garden/share/rcup_garden/launch
creating /home/sanjay/ros2_workspaces/rcup_migration/src/rcup_garden/install/rcup_garden/share/rcup_garden/urdf
copying urdf/ArmPlate.urdf.xacro -> /home/sanjay/ros2_workspaces/rcup_migration/src/rcup_garden/install/rcup_garden/share/rcup_garden/urdf
creating /home/sanjay/ros2_workspaces/rcup_migration/src/rcup_garden/install/rcup_garden/share/rcup_garden/meshes
copying meshes/LIDAR_1-v1.stl -> /home/sanjay/ros2_workspaces/rcup_migration/src/rcup_garden/install/rcup_garden/share/rcup_garden/meshes
copying meshes/AX_12A_03_1.stl -> /home/sanjay/ros2_workspaces/rcup_migration/src/rcup_garden/install/rcup_garden/share/rcup_garden/meshes
copying meshes/LIDAR_2-v1.stl -> /home/sanjay/ros2_workspaces/rcup_migration/src/rcup_garden/install/rcup_garden/share/rcup_garden/meshes
copying meshes/Component6.stl -> /home/sanjay/ros2_workspaces/rcup_migration/src/rcup_garden/install/rcup_garden/share/rcup_garden/meshes
copying meshes/ZED2i-v1.stl -> /home/sanjay/ros2_workspaces/rcup_migration/src/rcup_garden/install/rcup_garden/share/rcup_garden/meshes
copying meshes/AX_12A_02_4.stl -> /home/sanjay/ros2_workspaces/rcup_migration/src/rcup_garden/install/rcup_garden/share/rcup_garden/meshes
copying meshes/Component12.stl -> /home/sanjay/ros2_workspaces/rcup_migration/src/rcup_garden/install/rcup_garden/share/rcup_garden/meshes
copying meshes/link24.stl -> /home/sanjay/ros2_workspaces/rcup_migration/src/rcup_garden/install/rcup_garden/share/rcup_garden/meshes
copying meshes/Component1_1.stl -> /home/sanjay/ros2_workspaces/rcup_migration/src/rcup_garden/install/rcup_garden/share/rcup_garden/meshes
copying meshes/STEPPER_MOTOR.stl -> /home/sanjay/ros2_workspaces/rcup_migration/src/rcup_garden/install/rcup_garden/share/rcup_garden/meshes
copying meshes/Wheel_motor_2.stl -> /home/sanjay/ros2_workspaces/rcup_migration/src/rcup_garden/install/rcup_garden/share/rcup_garden/meshes
copying meshes/Nema34_bracket.stl -> /home/sanjay/ros2_workspaces/rcup_migration/src/rcup_garden/install/rcup_garden/share/rcup_garden/meshes
copying meshes/Wheel_motor_3.stl -> /home/sanjay/ros2_workspaces/rcup_migration/src/rcup_garden/install/rcup_garden/share/rcup_garden/meshes
copying meshes/AX_12A_01_4.stl -> /home/sanjay/ros2_workspaces/rcup_migration/src/rcup_garden/install/rcup_garden/share/rcup_garden/meshes
copying meshes/Component56.stl -> /home/sanjay/ros2_workspaces/rcup_migration/src/rcup_garden/install/rcup_garden/share/rcup_garden/meshes
copying meshes/lidarmount-v1.stl -> /home/sanjay/ros2_workspaces/rcup_migration/src/rcup_garden/install/rcup_garden/share/rcup_garden/meshes
copying meshes/AX_12A_01_1.stl -> /home/sanjay/ros2_workspaces/rcup_migration/src/rcup_garden/install/rcup_garden/share/rcup_garden/meshes
copying meshes/AX_12A_04_1.stl -> /home/sanjay/ros2_workspaces/rcup_migration/src/rcup_garden/install/rcup_garden/share/rcup_garden/meshes
copying meshes/AX_12A_02_2.stl -> /home/sanjay/ros2_workspaces/rcup_migration/src/rcup_garden/install/rcup_garden/share/rcup_garden/meshes
copying meshes/Wheel_motor_1.stl -> /home/sanjay/ros2_workspaces/rcup_migration/src/rcup_garden/install/rcup_garden/share/rcup_garden/meshes
copying meshes/Component2.stl -> /home/sanjay/ros2_workspaces/rcup_migration/src/rcup_garden/install/rcup_garden/share/rcup_garden/meshes
copying meshes/Component53.stl -> /home/sanjay/ros2_workspaces/rcup_migration/src/rcup_garden/install/rcup_garden/share/rcup_garden/meshes
copying meshes/AX_12A_01_2.stl -> /home/sanjay/ros2_workspaces/rcup_migration/src/rcup_garden/install/rcup_garden/share/rcup_garden/meshes
copying meshes/Component5.stl -> /home/sanjay/ros2_workspaces/rcup_migration/src/rcup_garden/install/rcup_garden/share/rcup_garden/meshes
copying meshes/AX_12A_04_2.stl -> /home/sanjay/ros2_workspaces/rcup_migration/src/rcup_garden/install/rcup_garden/share/rcup_garden/meshes
copying meshes/Component20.stl -> /home/sanjay/ros2_workspaces/rcup_migration/src/rcup_garden/install/rcup_garden/share/rcup_garden/meshes
copying meshes/AX_12A_01_3.stl -> /home/sanjay/ros2_workspaces/rcup_migration/src/rcup_garden/install/rcup_garden/share/rcup_garden/meshes
copying meshes/soft_finger_2.stl -> /home/sanjay/ros2_workspaces/rcup_migration/src/rcup_garden/install/rcup_garden/share/rcup_garden/meshes
copying meshes/link23.stl -> /home/sanjay/ros2_workspaces/rcup_migration/src/rcup_garden/install/rcup_garden/share/rcup_garden/meshes
copying meshes/AX_12A_04_4.stl -> /home/sanjay/ros2_workspaces/rcup_migration/src/rcup_garden/install/rcup_garden/share/rcup_garden/meshes
copying meshes/Soft_finger_1.stl -> /home/sanjay/ros2_workspaces/rcup_migration/src/rcup_garden/install/rcup_garden/share/rcup_garden/meshes
copying meshes/Spur_Gear_motor.stl -> /home/sanjay/ros2_workspaces/rcup_migration/src/rcup_garden/install/rcup_garden/share/rcup_garden/meshes
copying meshes/AX_12A_03_4.stl -> /home/sanjay/ros2_workspaces/rcup_migration/src/rcup_garden/install/rcup_garden/share/rcup_garden/meshes
copying meshes/Base_link.stl -> /home/sanjay/ros2_workspaces/rcup_migration/src/rcup_garden/install/rcup_garden/share/rcup_garden/meshes
copying meshes/AX_12A_03_2.stl -> /home/sanjay/ros2_workspaces/rcup_migration/src/rcup_garden/install/rcup_garden/share/rcup_garden/meshes
copying meshes/Component7.stl -> /home/sanjay/ros2_workspaces/rcup_migration/src/rcup_garden/install/rcup_garden/share/rcup_garden/meshes
copying meshes/AX_12A_02_3.stl -> /home/sanjay/ros2_workspaces/rcup_migration/src/rcup_garden/install/rcup_garden/share/rcup_garden/meshes
copying meshes/AX_12A_03_3.stl -> /home/sanjay/ros2_workspaces/rcup_migration/src/rcup_garden/install/rcup_garden/share/rcup_garden/meshes
copying meshes/Nema_34_v3.stl -> /home/sanjay/ros2_workspaces/rcup_migration/src/rcup_garden/install/rcup_garden/share/rcup_garden/meshes
copying meshes/AX_12A_02_1.stl -> /home/sanjay/ros2_workspaces/rcup_migration/src/rcup_garden/install/rcup_garden/share/rcup_garden/meshes
copying meshes/base_final-v3.stl -> /home/sanjay/ros2_workspaces/rcup_migration/src/rcup_garden/install/rcup_garden/share/rcup_garden/meshes
copying meshes/Universal_hub.stl -> /home/sanjay/ros2_workspaces/rcup_migration/src/rcup_garden/install/rcup_garden/share/rcup_garden/meshes
copying meshes/firstDOF_final.stl -> /home/sanjay/ros2_workspaces/rcup_migration/src/rcup_garden/install/rcup_garden/share/rcup_garden/meshes
copying meshes/Coupler_meccanum_V2.stl -> /home/sanjay/ros2_workspaces/rcup_migration/src/rcup_garden/install/rcup_garden/share/rcup_garden/meshes
copying meshes/gcomp1.stl -> /home/sanjay/ros2_workspaces/rcup_migration/src/rcup_garden/install/rcup_garden/share/rcup_garden/meshes
copying meshes/Wheel_motor_4.stl -> /home/sanjay/ros2_workspaces/rcup_migration/src/rcup_garden/install/rcup_garden/share/rcup_garden/meshes
copying meshes/Spur_Gear_driven.stl -> /home/sanjay/ros2_workspaces/rcup_migration/src/rcup_garden/install/rcup_garden/share/rcup_garden/meshes
copying meshes/Component55.stl -> /home/sanjay/ros2_workspaces/rcup_migration/src/rcup_garden/install/rcup_garden/share/rcup_garden/meshes
copying meshes/AX_12A_04_3.stl -> /home/sanjay/ros2_workspaces/rcup_migration/src/rcup_garden/install/rcup_garden/share/rcup_garden/meshes
copying meshes/Component54.stl -> /home/sanjay/ros2_workspaces/rcup_migration/src/rcup_garden/install/rcup_garden/share/rcup_garden/meshes
creating /home/sanjay/ros2_workspaces/rcup_migration/src/rcup_garden/install/rcup_garden/share/rcup_garden/config
copying config/mec_drive_controllers.yaml -> /home/sanjay/ros2_workspaces/rcup_migration/src/rcup_garden/install/rcup_garden/share/rcup_garden/config
copying config/gz_bridge.yaml -> /home/sanjay/ros2_workspaces/rcup_migration/src/rcup_garden/install/rcup_garden/share/rcup_garden/config
copying config/diff_drive_controllers.yaml -> /home/sanjay/ros2_workspaces/rcup_migration/src/rcup_garden/install/rcup_garden/share/rcup_garden/config
copying config/im_so_doneee.rviz -> /home/sanjay/ros2_workspaces/rcup_migration/src/rcup_garden/install/rcup_garden/share/rcup_garden/config
copying config/localisation_rviz_config.rviz -> /home/sanjay/ros2_workspaces/rcup_migration/src/rcup_garden/install/rcup_garden/share/rcup_garden/config
creating /home/sanjay/ros2_workspaces/rcup_migration/src/rcup_garden/install/rcup_garden/share/rcup_garden/worlds
copying worlds/empty_world.world -> /home/sanjay/ros2_workspaces/rcup_migration/src/rcup_garden/install/rcup_garden/share/rcup_garden/worlds
creating /home/sanjay/ros2_workspaces/rcup_migration/src/rcup_garden/install/rcup_garden/share/rcup_garden/textures
running install_egg_info
Copying build/rcup_garden/rcup_garden.egg-info to /home/sanjay/ros2_workspaces/rcup_migration/src/rcup_garden/install/rcup_garden/lib/python3.10/site-packages/rcup_garden-0.0.0-py3.10.egg-info
running install_scripts
writing list of installed files to '/home/sanjay/ros2_workspaces/rcup_migration/src/rcup_garden/build/rcup_garden/install.log'
